<?xml version="1.0" encoding="UTF-8" ?>
<testsuite tests="8" failures="0" name="com.tutorial.quickstart.RunCalculatorTest" time="0.001" errors="0" skipped="0">
  <properties>
[...]
</properties>
  <testcase classname="Scenario: Add two numbers" name="Given I have a calculator" time="0"/>
  <testcase classname="Scenario: Add two numbers" name="When I add 7 and 3" time="0"/>
  <testcase classname="Scenario: Add two numbers" name="Then the result should be 10" time="0"/>
  <testcase classname="Scenario: Add two numbers" name="Scenario: Add two numbers" time="0"/>
  <testcase classname="Scenario: Multiply two numbers" name="Given I have a calculator" time="0"/>
  <testcase classname="Scenario: Multiply two numbers" name="When I multiply 7 and 3" time="0"/>
  <testcase classname="Scenario: Multiply two numbers" name="Then the result should be 21" time="0"/>
  <testcase classname="Scenario: Multiply two numbers" name="Scenario: Multiply two numbers" time="0.001"/>
</testsuite>